  NodeClassTest.cpp
D:\Repos\realm-of-madness\realm-of-madness\realm-of-madness\NodeClassTest.h(13,49): error C2059: syntax error: ';'
D:\Repos\realm-of-madness\realm-of-madness\realm-of-madness\NodeClassTest.h(14,41): error C2059: syntax error: ';'
D:\Repos\realm-of-madness\realm-of-madness\realm-of-madness\NodeClassTest.h(15,1): error C2059: syntax error: '}'
D:\Repos\realm-of-madness\realm-of-madness\realm-of-madness\NodeClassTest.h(15,1): error C2143: syntax error: missing ';' before '}'
  NodeData.cpp
  NodeReflectionManager.cpp
  Generating Code...
